# JRE version: Java(TM) SE Runtime Environment (17.0.11+7) (build 17.0.11+7-LTS-207)
# Java VM: Java HotSpot(TM) 64-Bit Server VM (17.0.11+7-LTS-207, mixed mode, sharing, tiered, compressed oops, compressed class ptrs, g1 gc, windows-amd64)
GC Precious Log:
 CPUs: 8 total, 8 available
 Memory: 16227M
 Large Page Support: Disabled
 NUMA Support: Disabled
 Compressed Oops: Enabled (32-bit)
 Heap Region Size: 1M
 Heap Min Capacity: 8M
 Heap Initial Capacity: 254M
 Heap Max Capacity: 2G
 Pre-touch: Disabled
 Parallel Workers: 8
 Concurrent Workers: 2
 Concurrent Refinement Workers: 8
 Periodic GC: Disabled
Heap:
 garbage-first heap   total 314368K, used 240242K [0x0000000080000000, 0x0000000100000000)
  region size 1024K, 55 young (56320K), 4 survivors (4096K)
 Metaspace       used 98502K, committed 99648K, reserved 557056K
  class space    used 13814K, committed 14336K, reserved 425984K
GC Heap History (20 events):
Event: 66.675 GC heap before
{Heap before GC invocations=48 (full 0):
 garbage-first heap   total 222208K, used 186316K [0x0000000080000000, 0x0000000100000000)
  region size 1024K, 42 young (43008K), 4 survivors (4096K)
 Metaspace       used 96226K, committed 97216K, reserved 557056K
  class space    used 13483K, committed 13952K, reserved 425984K
}
Event: 66.681 GC heap after
{Heap after GC invocations=49 (full 0):
 garbage-first heap   total 222208K, used 149190K [0x0000000080000000, 0x0000000100000000)
  region size 1024K, 4 young (4096K), 4 survivors (4096K)
 Metaspace       used 96226K, committed 97216K, reserved 557056K
  class space    used 13483K, committed 13952K, reserved 425984K
}
Event: 67.201 GC heap before
{Heap before GC invocations=49 (full 0):
 garbage-first heap   total 222208K, used 191174K [0x0000000080000000, 0x0000000100000000)
  region size 1024K, 42 young (43008K), 4 survivors (4096K)
 Metaspace       used 96438K, committed 97472K, reserved 557056K
  class space    used 13521K, committed 14016K, reserved 425984K
}
Event: 67.210 GC heap after
{Heap after GC invocations=50 (full 0):
 garbage-first heap   total 267264K, used 160449K [0x0000000080000000, 0x0000000100000000)
  region size 1024K, 6 young (6144K), 6 survivors (6144K)
 Metaspace       used 96438K, committed 97472K, reserved 557056K
  class space    used 13521K, committed 14016K, reserved 425984K
}
Event: 68.963 GC heap before
{Heap before GC invocations=50 (full 0):
 garbage-first heap   total 267264K, used 215745K [0x0000000080000000, 0x0000000100000000)
  region size 1024K, 61 young (62464K), 6 survivors (6144K)
 Metaspace       used 97631K, committed 98688K, reserved 557056K
  class space    used 13665K, committed 14144K, reserved 425984K
}
Event: 68.979 GC heap after
{Heap after GC invocations=51 (full 0):
 garbage-first heap   total 267264K, used 170835K [0x0000000080000000, 0x0000000100000000)
  region size 1024K, 8 young (8192K), 8 survivors (8192K)
 Metaspace       used 97631K, committed 98688K, reserved 557056K
  class space    used 13665K, committed 14144K, reserved 425984K
}
Event: 69.139 GC heap before
{Heap before GC invocations=51 (full 0):
 garbage-first heap   total 267264K, used 215891K [0x0000000080000000, 0x0000000100000000)
  region size 1024K, 53 young (54272K), 8 survivors (8192K)
 Metaspace       used 97631K, committed 98688K, reserved 557056K
  class space    used 13665K, committed 14144K, reserved 425984K
}
Event: 69.152 GC heap after
{Heap after GC invocations=52 (full 0):
 garbage-first heap   total 267264K, used 174313K [0x0000000080000000, 0x0000000100000000)
  region size 1024K, 4 young (4096K), 4 survivors (4096K)
 Metaspace       used 97631K, committed 98688K, reserved 557056K
  class space    used 13665K, committed 14144K, reserved 425984K
}
Event: 69.882 GC heap before
{Heap before GC invocations=52 (full 0):
 garbage-first heap   total 267264K, used 220393K [0x0000000080000000, 0x0000000100000000)
  region size 1024K, 49 young (50176K), 4 survivors (4096K)
 Metaspace       used 97695K, committed 98752K, reserved 557056K
  class space    used 13674K, committed 14144K, reserved 425984K
}
Event: 69.889 GC heap after
{Heap after GC invocations=53 (full 0):
 garbage-first heap   total 267264K, used 178063K [0x0000000080000000, 0x0000000100000000)
  region size 1024K, 7 young (7168K), 7 survivors (7168K)
 Metaspace       used 97695K, committed 98752K, reserved 557056K
  class space    used 13674K, committed 14144K, reserved 425984K
}
Event: 70.885 GC heap before
{Heap before GC invocations=53 (full 0):
 garbage-first heap   total 267264K, used 220047K [0x0000000080000000, 0x0000000100000000)
  region size 1024K, 49 young (50176K), 7 survivors (7168K)
 Metaspace       used 97820K, committed 98944K, reserved 557056K
  class space    used 13691K, committed 14208K, reserved 425984K
}
Event: 70.894 GC heap after
{Heap after GC invocations=54 (full 0):
 garbage-first heap   total 267264K, used 181451K [0x0000000080000000, 0x0000000100000000)
  region size 1024K, 6 young (6144K), 6 survivors (6144K)
 Metaspace       used 97820K, committed 98944K, reserved 557056K
  class space    used 13691K, committed 14208K, reserved 425984K
}
Event: 71.369 GC heap before
{Heap before GC invocations=54 (full 0):
 garbage-first heap   total 267264K, used 220363K [0x0000000080000000, 0x0000000100000000)
  region size 1024K, 45 young (46080K), 6 survivors (6144K)
 Metaspace       used 97820K, committed 98944K, reserved 557056K
  class space    used 13691K, committed 14208K, reserved 425984K
}
Event: 71.376 GC heap after
{Heap after GC invocations=55 (full 0):
 garbage-first heap   total 267264K, used 182270K [0x0000000080000000, 0x0000000100000000)
  region size 1024K, 4 young (4096K), 4 survivors (4096K)
 Metaspace       used 97820K, committed 98944K, reserved 557056K
  class space    used 13691K, committed 14208K, reserved 425984K
}
Event: 72.414 GC heap before
{Heap before GC invocations=56 (full 0):
 garbage-first heap   total 314368K, used 220158K [0x0000000080000000, 0x0000000100000000)
  region size 1024K, 41 young (41984K), 4 survivors (4096K)
 Metaspace       used 98058K, committed 99200K, reserved 557056K
  class space    used 13723K, committed 14272K, reserved 425984K
}
Event: 72.424 GC heap after
{Heap after GC invocations=57 (full 0):
 garbage-first heap   total 314368K, used 189111K [0x0000000080000000, 0x0000000100000000)
  region size 1024K, 6 young (6144K), 6 survivors (6144K)
 Metaspace       used 98058K, committed 99200K, reserved 557056K
  class space    used 13723K, committed 14272K, reserved 425984K
}
Event: 72.502 GC heap before
{Heap before GC invocations=57 (full 0):
 garbage-first heap   total 314368K, used 197303K [0x0000000080000000, 0x0000000100000000)
  region size 1024K, 15 young (15360K), 6 survivors (6144K)
 Metaspace       used 98058K, committed 99200K, reserved 557056K
  class space    used 13723K, committed 14272K, reserved 425984K
}
Event: 72.508 GC heap after
{Heap after GC invocations=58 (full 0):
 garbage-first heap   total 314368K, used 185225K [0x0000000080000000, 0x0000000100000000)
  region size 1024K, 2 young (2048K), 2 survivors (2048K)
 Metaspace       used 98058K, committed 99200K, reserved 557056K
  class space    used 13723K, committed 14272K, reserved 425984K
}
Event: 72.789 GC heap before
{Heap before GC invocations=58 (full 0):
 garbage-first heap   total 314368K, used 256905K [0x0000000080000000, 0x0000000100000000)
  region size 1024K, 73 young (74752K), 2 survivors (2048K)
 Metaspace       used 98059K, committed 99200K, reserved 557056K
  class space    used 13723K, committed 14272K, reserved 425984K
}
Event: 72.794 GC heap after
{Heap after GC invocations=59 (full 0):
 garbage-first heap   total 314368K, used 186994K [0x0000000080000000, 0x0000000100000000)
  region size 1024K, 4 young (4096K), 4 survivors (4096K)
 Metaspace       used 98059K, committed 99200K, reserved 557056K
  class space    used 13723K, committed 14272K, reserved 425984K
}

